CRITICAL - 2024-07-29 16:59:45 --> ErrorException: Undefined property: App\Controllers\Home::$db
[Method: POST, Route: fetch]
in APPPATH\Controllers\Home.php on line 40.
 1 APPPATH\Controllers\Home.php(40): CodeIgniter\Debug\Exceptions->errorHandler(2, 'Undefined property: App\\Controllers\\Home::$db', 'C:\\xampp\\htdocs\\tailwebs\\app\\Controllers\\Home.php', 40)
 2 SYSTEMPATH\CodeIgniter.php(933): App\Controllers\Home->fetch()
 3 SYSTEMPATH\CodeIgniter.php(509): CodeIgniter\CodeIgniter->runController(Object(App\Controllers\Home))
 4 SYSTEMPATH\CodeIgniter.php(355): CodeIgniter\CodeIgniter->handleRequest(null, Object(Config\Cache), false)
 5 SYSTEMPATH\Boot.php(325): CodeIgniter\CodeIgniter->run()
 6 SYSTEMPATH\Boot.php(67): CodeIgniter\Boot::runCodeIgniter(Object(CodeIgniter\CodeIgniter))
 7 FCPATH\index.php(56): CodeIgniter\Boot::bootWeb(Object(Config\Paths))
 8 SYSTEMPATH\Commands\Server\rewrite.php(49): require_once('C:\\xampp\\htdocs\\tailwebs\\public\\index.php')
CRITICAL - 2024-07-29 16:59:57 --> ErrorException: Undefined property: App\Controllers\Home::$db
[Method: POST, Route: fetch]
in APPPATH\Controllers\Home.php on line 40.
 1 APPPATH\Controllers\Home.php(40): CodeIgniter\Debug\Exceptions->errorHandler(2, 'Undefined property: App\\Controllers\\Home::$db', 'C:\\xampp\\htdocs\\tailwebs\\app\\Controllers\\Home.php', 40)
 2 SYSTEMPATH\CodeIgniter.php(933): App\Controllers\Home->fetch()
 3 SYSTEMPATH\CodeIgniter.php(509): CodeIgniter\CodeIgniter->runController(Object(App\Controllers\Home))
 4 SYSTEMPATH\CodeIgniter.php(355): CodeIgniter\CodeIgniter->handleRequest(null, Object(Config\Cache), false)
 5 SYSTEMPATH\Boot.php(325): CodeIgniter\CodeIgniter->run()
 6 SYSTEMPATH\Boot.php(67): CodeIgniter\Boot::runCodeIgniter(Object(CodeIgniter\CodeIgniter))
 7 FCPATH\index.php(56): CodeIgniter\Boot::bootWeb(Object(Config\Paths))
 8 SYSTEMPATH\Commands\Server\rewrite.php(49): require_once('C:\\xampp\\htdocs\\tailwebs\\public\\index.php')
CRITICAL - 2024-07-29 17:00:49 --> ErrorException: Undefined property: App\Controllers\Home::$db
[Method: POST, Route: fetch]
in APPPATH\Controllers\Home.php on line 40.
 1 APPPATH\Controllers\Home.php(40): CodeIgniter\Debug\Exceptions->errorHandler(2, 'Undefined property: App\\Controllers\\Home::$db', 'C:\\xampp\\htdocs\\tailwebs\\app\\Controllers\\Home.php', 40)
 2 SYSTEMPATH\CodeIgniter.php(933): App\Controllers\Home->fetch()
 3 SYSTEMPATH\CodeIgniter.php(509): CodeIgniter\CodeIgniter->runController(Object(App\Controllers\Home))
 4 SYSTEMPATH\CodeIgniter.php(355): CodeIgniter\CodeIgniter->handleRequest(null, Object(Config\Cache), false)
 5 SYSTEMPATH\Boot.php(325): CodeIgniter\CodeIgniter->run()
 6 SYSTEMPATH\Boot.php(67): CodeIgniter\Boot::runCodeIgniter(Object(CodeIgniter\CodeIgniter))
 7 FCPATH\index.php(56): CodeIgniter\Boot::bootWeb(Object(Config\Paths))
 8 SYSTEMPATH\Commands\Server\rewrite.php(49): require_once('C:\\xampp\\htdocs\\tailwebs\\public\\index.php')
CRITICAL - 2024-07-29 17:01:59 --> ErrorException: Undefined array key "length"
[Method: GET, Route: fetch]
in APPPATH\Controllers\Home.php on line 36.
 1 APPPATH\Controllers\Home.php(36): CodeIgniter\Debug\Exceptions->errorHandler(2, 'Undefined array key "length"', 'C:\\xampp\\htdocs\\tailwebs\\app\\Controllers\\Home.php', 36)
 2 SYSTEMPATH\CodeIgniter.php(933): App\Controllers\Home->fetch()
 3 SYSTEMPATH\CodeIgniter.php(509): CodeIgniter\CodeIgniter->runController(Object(App\Controllers\Home))
 4 SYSTEMPATH\CodeIgniter.php(355): CodeIgniter\CodeIgniter->handleRequest(null, Object(Config\Cache), false)
 5 SYSTEMPATH\Boot.php(325): CodeIgniter\CodeIgniter->run()
 6 SYSTEMPATH\Boot.php(67): CodeIgniter\Boot::runCodeIgniter(Object(CodeIgniter\CodeIgniter))
 7 FCPATH\index.php(56): CodeIgniter\Boot::bootWeb(Object(Config\Paths))
 8 SYSTEMPATH\Commands\Server\rewrite.php(49): require_once('C:\\xampp\\htdocs\\tailwebs\\public\\index.php')
CRITICAL - 2024-07-29 17:03:46 --> ErrorException: Array to string conversion
[Method: GET, Route: fetch]
in APPPATH\Controllers\Home.php on line 17.
 1 APPPATH\Controllers\Home.php(17): CodeIgniter\Debug\Exceptions->errorHandler(2, 'Array to string conversion', 'C:\\xampp\\htdocs\\tailwebs\\app\\Controllers\\Home.php', 17)
 2 SYSTEMPATH\CodeIgniter.php(933): App\Controllers\Home->fetch()
 3 SYSTEMPATH\CodeIgniter.php(509): CodeIgniter\CodeIgniter->runController(Object(App\Controllers\Home))
 4 SYSTEMPATH\CodeIgniter.php(355): CodeIgniter\CodeIgniter->handleRequest(null, Object(Config\Cache), false)
 5 SYSTEMPATH\Boot.php(325): CodeIgniter\CodeIgniter->run()
 6 SYSTEMPATH\Boot.php(67): CodeIgniter\Boot::runCodeIgniter(Object(CodeIgniter\CodeIgniter))
 7 FCPATH\index.php(56): CodeIgniter\Boot::bootWeb(Object(Config\Paths))
 8 SYSTEMPATH\Commands\Server\rewrite.php(49): require_once('C:\\xampp\\htdocs\\tailwebs\\public\\index.php')
CRITICAL - 2024-07-29 17:04:05 --> ErrorException: Array to string conversion
[Method: GET, Route: fetch]
in APPPATH\Controllers\Home.php on line 17.
 1 APPPATH\Controllers\Home.php(17): CodeIgniter\Debug\Exceptions->errorHandler(2, 'Array to string conversion', 'C:\\xampp\\htdocs\\tailwebs\\app\\Controllers\\Home.php', 17)
 2 SYSTEMPATH\CodeIgniter.php(933): App\Controllers\Home->fetch()
 3 SYSTEMPATH\CodeIgniter.php(509): CodeIgniter\CodeIgniter->runController(Object(App\Controllers\Home))
 4 SYSTEMPATH\CodeIgniter.php(355): CodeIgniter\CodeIgniter->handleRequest(null, Object(Config\Cache), false)
 5 SYSTEMPATH\Boot.php(325): CodeIgniter\CodeIgniter->run()
 6 SYSTEMPATH\Boot.php(67): CodeIgniter\Boot::runCodeIgniter(Object(CodeIgniter\CodeIgniter))
 7 FCPATH\index.php(56): CodeIgniter\Boot::bootWeb(Object(Config\Paths))
 8 SYSTEMPATH\Commands\Server\rewrite.php(49): require_once('C:\\xampp\\htdocs\\tailwebs\\public\\index.php')
CRITICAL - 2024-07-29 17:04:52 --> ErrorException: Array to string conversion
[Method: GET, Route: fetch]
in APPPATH\Controllers\Home.php on line 17.
 1 APPPATH\Controllers\Home.php(17): CodeIgniter\Debug\Exceptions->errorHandler(2, 'Array to string conversion', 'C:\\xampp\\htdocs\\tailwebs\\app\\Controllers\\Home.php', 17)
 2 SYSTEMPATH\CodeIgniter.php(933): App\Controllers\Home->fetch()
 3 SYSTEMPATH\CodeIgniter.php(509): CodeIgniter\CodeIgniter->runController(Object(App\Controllers\Home))
 4 SYSTEMPATH\CodeIgniter.php(355): CodeIgniter\CodeIgniter->handleRequest(null, Object(Config\Cache), false)
 5 SYSTEMPATH\Boot.php(325): CodeIgniter\CodeIgniter->run()
 6 SYSTEMPATH\Boot.php(67): CodeIgniter\Boot::runCodeIgniter(Object(CodeIgniter\CodeIgniter))
 7 FCPATH\index.php(56): CodeIgniter\Boot::bootWeb(Object(Config\Paths))
 8 SYSTEMPATH\Commands\Server\rewrite.php(49): require_once('C:\\xampp\\htdocs\\tailwebs\\public\\index.php')
CRITICAL - 2024-07-29 17:05:38 --> ErrorException: Array to string conversion
[Method: GET, Route: fetch]
in APPPATH\Controllers\Home.php on line 18.
 1 APPPATH\Controllers\Home.php(18): CodeIgniter\Debug\Exceptions->errorHandler(2, 'Array to string conversion', 'C:\\xampp\\htdocs\\tailwebs\\app\\Controllers\\Home.php', 18)
 2 SYSTEMPATH\CodeIgniter.php(933): App\Controllers\Home->fetch()
 3 SYSTEMPATH\CodeIgniter.php(509): CodeIgniter\CodeIgniter->runController(Object(App\Controllers\Home))
 4 SYSTEMPATH\CodeIgniter.php(355): CodeIgniter\CodeIgniter->handleRequest(null, Object(Config\Cache), false)
 5 SYSTEMPATH\Boot.php(325): CodeIgniter\CodeIgniter->run()
 6 SYSTEMPATH\Boot.php(67): CodeIgniter\Boot::runCodeIgniter(Object(CodeIgniter\CodeIgniter))
 7 FCPATH\index.php(56): CodeIgniter\Boot::bootWeb(Object(Config\Paths))
 8 SYSTEMPATH\Commands\Server\rewrite.php(49): require_once('C:\\xampp\\htdocs\\tailwebs\\public\\index.php')
CRITICAL - 2024-07-29 17:06:14 --> ErrorException: Array to string conversion
[Method: GET, Route: fetch]
in APPPATH\Controllers\Home.php on line 18.
 1 APPPATH\Controllers\Home.php(18): CodeIgniter\Debug\Exceptions->errorHandler(2, 'Array to string conversion', 'C:\\xampp\\htdocs\\tailwebs\\app\\Controllers\\Home.php', 18)
 2 SYSTEMPATH\CodeIgniter.php(933): App\Controllers\Home->fetch()
 3 SYSTEMPATH\CodeIgniter.php(509): CodeIgniter\CodeIgniter->runController(Object(App\Controllers\Home))
 4 SYSTEMPATH\CodeIgniter.php(355): CodeIgniter\CodeIgniter->handleRequest(null, Object(Config\Cache), false)
 5 SYSTEMPATH\Boot.php(325): CodeIgniter\CodeIgniter->run()
 6 SYSTEMPATH\Boot.php(67): CodeIgniter\Boot::runCodeIgniter(Object(CodeIgniter\CodeIgniter))
 7 FCPATH\index.php(56): CodeIgniter\Boot::bootWeb(Object(Config\Paths))
 8 SYSTEMPATH\Commands\Server\rewrite.php(49): require_once('C:\\xampp\\htdocs\\tailwebs\\public\\index.php')
CRITICAL - 2024-07-29 17:06:54 --> ErrorException: Undefined array key "length"
[Method: GET, Route: fetch]
in APPPATH\Controllers\Home.php on line 37.
 1 APPPATH\Controllers\Home.php(37): CodeIgniter\Debug\Exceptions->errorHandler(2, 'Undefined array key "length"', 'C:\\xampp\\htdocs\\tailwebs\\app\\Controllers\\Home.php', 37)
 2 SYSTEMPATH\CodeIgniter.php(933): App\Controllers\Home->fetch()
 3 SYSTEMPATH\CodeIgniter.php(509): CodeIgniter\CodeIgniter->runController(Object(App\Controllers\Home))
 4 SYSTEMPATH\CodeIgniter.php(355): CodeIgniter\CodeIgniter->handleRequest(null, Object(Config\Cache), false)
 5 SYSTEMPATH\Boot.php(325): CodeIgniter\CodeIgniter->run()
 6 SYSTEMPATH\Boot.php(67): CodeIgniter\Boot::runCodeIgniter(Object(CodeIgniter\CodeIgniter))
 7 FCPATH\index.php(56): CodeIgniter\Boot::bootWeb(Object(Config\Paths))
 8 SYSTEMPATH\Commands\Server\rewrite.php(49): require_once('C:\\xampp\\htdocs\\tailwebs\\public\\index.php')
CRITICAL - 2024-07-29 17:08:07 --> ErrorException: Undefined array key "start"
[Method: GET, Route: fetch]
in APPPATH\Controllers\Home.php on line 38.
 1 APPPATH\Controllers\Home.php(38): CodeIgniter\Debug\Exceptions->errorHandler(2, 'Undefined array key "start"', 'C:\\xampp\\htdocs\\tailwebs\\app\\Controllers\\Home.php', 38)
 2 SYSTEMPATH\CodeIgniter.php(933): App\Controllers\Home->fetch()
 3 SYSTEMPATH\CodeIgniter.php(509): CodeIgniter\CodeIgniter->runController(Object(App\Controllers\Home))
 4 SYSTEMPATH\CodeIgniter.php(355): CodeIgniter\CodeIgniter->handleRequest(null, Object(Config\Cache), false)
 5 SYSTEMPATH\Boot.php(325): CodeIgniter\CodeIgniter->run()
 6 SYSTEMPATH\Boot.php(67): CodeIgniter\Boot::runCodeIgniter(Object(CodeIgniter\CodeIgniter))
 7 FCPATH\index.php(56): CodeIgniter\Boot::bootWeb(Object(Config\Paths))
 8 SYSTEMPATH\Commands\Server\rewrite.php(49): require_once('C:\\xampp\\htdocs\\tailwebs\\public\\index.php')
CRITICAL - 2024-07-29 17:09:08 --> ErrorException: Undefined property: App\Controllers\Home::$db
[Method: GET, Route: fetch]
in APPPATH\Controllers\Home.php on line 41.
 1 APPPATH\Controllers\Home.php(41): CodeIgniter\Debug\Exceptions->errorHandler(2, 'Undefined property: App\\Controllers\\Home::$db', 'C:\\xampp\\htdocs\\tailwebs\\app\\Controllers\\Home.php', 41)
 2 SYSTEMPATH\CodeIgniter.php(933): App\Controllers\Home->fetch()
 3 SYSTEMPATH\CodeIgniter.php(509): CodeIgniter\CodeIgniter->runController(Object(App\Controllers\Home))
 4 SYSTEMPATH\CodeIgniter.php(355): CodeIgniter\CodeIgniter->handleRequest(null, Object(Config\Cache), false)
 5 SYSTEMPATH\Boot.php(325): CodeIgniter\CodeIgniter->run()
 6 SYSTEMPATH\Boot.php(67): CodeIgniter\Boot::runCodeIgniter(Object(CodeIgniter\CodeIgniter))
 7 FCPATH\index.php(56): CodeIgniter\Boot::bootWeb(Object(Config\Paths))
 8 SYSTEMPATH\Commands\Server\rewrite.php(49): require_once('C:\\xampp\\htdocs\\tailwebs\\public\\index.php')
CRITICAL - 2024-07-29 17:09:32 --> ErrorException: Undefined variable $db
[Method: GET, Route: fetch]
in APPPATH\Controllers\Home.php on line 41.
 1 APPPATH\Controllers\Home.php(41): CodeIgniter\Debug\Exceptions->errorHandler(2, 'Undefined variable $db', 'C:\\xampp\\htdocs\\tailwebs\\app\\Controllers\\Home.php', 41)
 2 SYSTEMPATH\CodeIgniter.php(933): App\Controllers\Home->fetch()
 3 SYSTEMPATH\CodeIgniter.php(509): CodeIgniter\CodeIgniter->runController(Object(App\Controllers\Home))
 4 SYSTEMPATH\CodeIgniter.php(355): CodeIgniter\CodeIgniter->handleRequest(null, Object(Config\Cache), false)
 5 SYSTEMPATH\Boot.php(325): CodeIgniter\CodeIgniter->run()
 6 SYSTEMPATH\Boot.php(67): CodeIgniter\Boot::runCodeIgniter(Object(CodeIgniter\CodeIgniter))
 7 FCPATH\index.php(56): CodeIgniter\Boot::bootWeb(Object(Config\Paths))
 8 SYSTEMPATH\Commands\Server\rewrite.php(49): require_once('C:\\xampp\\htdocs\\tailwebs\\public\\index.php')
CRITICAL - 2024-07-29 17:11:04 --> Error: Call to undefined method CodeIgniter\Database\MySQLi\Result::numRows()
[Method: GET, Route: fetch]
in APPPATH\Controllers\Home.php on line 43.
 1 SYSTEMPATH\CodeIgniter.php(933): App\Controllers\Home->fetch()
 2 SYSTEMPATH\CodeIgniter.php(509): CodeIgniter\CodeIgniter->runController(Object(App\Controllers\Home))
 3 SYSTEMPATH\CodeIgniter.php(355): CodeIgniter\CodeIgniter->handleRequest(null, Object(Config\Cache), false)
 4 SYSTEMPATH\Boot.php(325): CodeIgniter\CodeIgniter->run()
 5 SYSTEMPATH\Boot.php(67): CodeIgniter\Boot::runCodeIgniter(Object(CodeIgniter\CodeIgniter))
 6 FCPATH\index.php(56): CodeIgniter\Boot::bootWeb(Object(Config\Paths))
 7 SYSTEMPATH\Commands\Server\rewrite.php(49): require_once('C:\\xampp\\htdocs\\tailwebs\\public\\index.php')
CRITICAL - 2024-07-29 17:11:18 --> Error: Call to undefined method CodeIgniter\Database\MySQLi\Result::num_rows()
[Method: GET, Route: fetch]
in APPPATH\Controllers\Home.php on line 43.
 1 SYSTEMPATH\CodeIgniter.php(933): App\Controllers\Home->fetch()
 2 SYSTEMPATH\CodeIgniter.php(509): CodeIgniter\CodeIgniter->runController(Object(App\Controllers\Home))
 3 SYSTEMPATH\CodeIgniter.php(355): CodeIgniter\CodeIgniter->handleRequest(null, Object(Config\Cache), false)
 4 SYSTEMPATH\Boot.php(325): CodeIgniter\CodeIgniter->run()
 5 SYSTEMPATH\Boot.php(67): CodeIgniter\Boot::runCodeIgniter(Object(CodeIgniter\CodeIgniter))
 6 FCPATH\index.php(56): CodeIgniter\Boot::bootWeb(Object(Config\Paths))
 7 SYSTEMPATH\Commands\Server\rewrite.php(49): require_once('C:\\xampp\\htdocs\\tailwebs\\public\\index.php')
CRITICAL - 2024-07-29 17:12:09 --> Error: Call to undefined method CodeIgniter\Database\MySQLi\Result::num_rows()
[Method: GET, Route: fetch]
in APPPATH\Controllers\Home.php on line 43.
 1 SYSTEMPATH\CodeIgniter.php(933): App\Controllers\Home->fetch()
 2 SYSTEMPATH\CodeIgniter.php(509): CodeIgniter\CodeIgniter->runController(Object(App\Controllers\Home))
 3 SYSTEMPATH\CodeIgniter.php(355): CodeIgniter\CodeIgniter->handleRequest(null, Object(Config\Cache), false)
 4 SYSTEMPATH\Boot.php(325): CodeIgniter\CodeIgniter->run()
 5 SYSTEMPATH\Boot.php(67): CodeIgniter\Boot::runCodeIgniter(Object(CodeIgniter\CodeIgniter))
 6 FCPATH\index.php(56): CodeIgniter\Boot::bootWeb(Object(Config\Paths))
 7 SYSTEMPATH\Commands\Server\rewrite.php(49): require_once('C:\\xampp\\htdocs\\tailwebs\\public\\index.php')
CRITICAL - 2024-07-29 17:14:31 --> Error: Call to undefined method CodeIgniter\Database\MySQLi\Result::execute()
[Method: GET, Route: fetch]
in APPPATH\Controllers\Home.php on line 41.
 1 SYSTEMPATH\CodeIgniter.php(933): App\Controllers\Home->fetch()
 2 SYSTEMPATH\CodeIgniter.php(509): CodeIgniter\CodeIgniter->runController(Object(App\Controllers\Home))
 3 SYSTEMPATH\CodeIgniter.php(355): CodeIgniter\CodeIgniter->handleRequest(null, Object(Config\Cache), false)
 4 SYSTEMPATH\Boot.php(325): CodeIgniter\CodeIgniter->run()
 5 SYSTEMPATH\Boot.php(67): CodeIgniter\Boot::runCodeIgniter(Object(CodeIgniter\CodeIgniter))
 6 FCPATH\index.php(56): CodeIgniter\Boot::bootWeb(Object(Config\Paths))
 7 SYSTEMPATH\Commands\Server\rewrite.php(49): require_once('C:\\xampp\\htdocs\\tailwebs\\public\\index.php')
CRITICAL - 2024-07-29 17:16:51 --> ErrorException: Undefined property: App\Controllers\Home::$db
[Method: GET, Route: fetch]
in APPPATH\Controllers\Home.php on line 46.
 1 APPPATH\Controllers\Home.php(46): CodeIgniter\Debug\Exceptions->errorHandler(2, 'Undefined property: App\\Controllers\\Home::$db', 'C:\\xampp\\htdocs\\tailwebs\\app\\Controllers\\Home.php', 46)
 2 SYSTEMPATH\CodeIgniter.php(933): App\Controllers\Home->fetch()
 3 SYSTEMPATH\CodeIgniter.php(509): CodeIgniter\CodeIgniter->runController(Object(App\Controllers\Home))
 4 SYSTEMPATH\CodeIgniter.php(355): CodeIgniter\CodeIgniter->handleRequest(null, Object(Config\Cache), false)
 5 SYSTEMPATH\Boot.php(325): CodeIgniter\CodeIgniter->run()
 6 SYSTEMPATH\Boot.php(67): CodeIgniter\Boot::runCodeIgniter(Object(CodeIgniter\CodeIgniter))
 7 FCPATH\index.php(56): CodeIgniter\Boot::bootWeb(Object(Config\Paths))
 8 SYSTEMPATH\Commands\Server\rewrite.php(49): require_once('C:\\xampp\\htdocs\\tailwebs\\public\\index.php')
ERROR - 2024-07-29 17:17:04 --> mysqli_sql_exception: You have an error in your SQL syntax; check the manual that corresponds to your MariaDB server version for the right syntax to use near '' at line 1 in C:\xampp\htdocs\tailwebs\system\Database\MySQLi\Connection.php:310
Stack trace:
#0 C:\xampp\htdocs\tailwebs\system\Database\MySQLi\Connection.php(310): mysqli->query('SELECT * FROM t...', 0)
#1 C:\xampp\htdocs\tailwebs\system\Database\BaseConnection.php(732): CodeIgniter\Database\MySQLi\Connection->execute('SELECT * FROM t...')
#2 C:\xampp\htdocs\tailwebs\system\Database\BaseConnection.php(646): CodeIgniter\Database\BaseConnection->simpleQuery('SELECT * FROM t...')
#3 C:\xampp\htdocs\tailwebs\app\Controllers\Home.php(46): CodeIgniter\Database\BaseConnection->query('SELECT * FROM t...')
#4 C:\xampp\htdocs\tailwebs\system\CodeIgniter.php(933): App\Controllers\Home->fetch()
#5 C:\xampp\htdocs\tailwebs\system\CodeIgniter.php(509): CodeIgniter\CodeIgniter->runController(Object(App\Controllers\Home))
#6 C:\xampp\htdocs\tailwebs\system\CodeIgniter.php(355): CodeIgniter\CodeIgniter->handleRequest(NULL, Object(Config\Cache), false)
#7 C:\xampp\htdocs\tailwebs\system\Boot.php(325): CodeIgniter\CodeIgniter->run()
#8 C:\xampp\htdocs\tailwebs\system\Boot.php(67): CodeIgniter\Boot::runCodeIgniter(Object(CodeIgniter\CodeIgniter))
#9 C:\xampp\htdocs\tailwebs\public\index.php(56): CodeIgniter\Boot::bootWeb(Object(Config\Paths))
#10 C:\xampp\htdocs\tailwebs\system\Commands\Server\rewrite.php(49): require_once('C:\\xampp\\htdocs...')
#11 {main}
CRITICAL - 2024-07-29 17:17:04 --> CodeIgniter\Database\Exceptions\DatabaseException: You have an error in your SQL syntax; check the manual that corresponds to your MariaDB server version for the right syntax to use near '' at line 1
[Method: GET, Route: fetch]
in SYSTEMPATH\Database\BaseConnection.php on line 686.
 1 APPPATH\Controllers\Home.php(46): CodeIgniter\Database\BaseConnection->query('SELECT * FROM tbl_sample ORDER BY id DESC LIMIT , ')
 2 SYSTEMPATH\CodeIgniter.php(933): App\Controllers\Home->fetch()
 3 SYSTEMPATH\CodeIgniter.php(509): CodeIgniter\CodeIgniter->runController(Object(App\Controllers\Home))
 4 SYSTEMPATH\CodeIgniter.php(355): CodeIgniter\CodeIgniter->handleRequest(null, Object(Config\Cache), false)
 5 SYSTEMPATH\Boot.php(325): CodeIgniter\CodeIgniter->run()
 6 SYSTEMPATH\Boot.php(67): CodeIgniter\Boot::runCodeIgniter(Object(CodeIgniter\CodeIgniter))
 7 FCPATH\index.php(56): CodeIgniter\Boot::bootWeb(Object(Config\Paths))
 8 SYSTEMPATH\Commands\Server\rewrite.php(49): require_once('C:\\xampp\\htdocs\\tailwebs\\public\\index.php')
CRITICAL - 2024-07-29 17:17:04 --> [Caused by] CodeIgniter\Database\Exceptions\DatabaseException: You have an error in your SQL syntax; check the manual that corresponds to your MariaDB server version for the right syntax to use near '' at line 1
in SYSTEMPATH\Database\MySQLi\Connection.php on line 315.
 1 SYSTEMPATH\Database\BaseConnection.php(732): CodeIgniter\Database\MySQLi\Connection->execute('SELECT * FROM tbl_sample ORDER BY id DESC LIMIT , ')
 2 SYSTEMPATH\Database\BaseConnection.php(646): CodeIgniter\Database\BaseConnection->simpleQuery('SELECT * FROM tbl_sample ORDER BY id DESC LIMIT , ')
 3 APPPATH\Controllers\Home.php(46): CodeIgniter\Database\BaseConnection->query('SELECT * FROM tbl_sample ORDER BY id DESC LIMIT , ')
 4 SYSTEMPATH\CodeIgniter.php(933): App\Controllers\Home->fetch()
 5 SYSTEMPATH\CodeIgniter.php(509): CodeIgniter\CodeIgniter->runController(Object(App\Controllers\Home))
 6 SYSTEMPATH\CodeIgniter.php(355): CodeIgniter\CodeIgniter->handleRequest(null, Object(Config\Cache), false)
 7 SYSTEMPATH\Boot.php(325): CodeIgniter\CodeIgniter->run()
 8 SYSTEMPATH\Boot.php(67): CodeIgniter\Boot::runCodeIgniter(Object(CodeIgniter\CodeIgniter))
 9 FCPATH\index.php(56): CodeIgniter\Boot::bootWeb(Object(Config\Paths))
10 SYSTEMPATH\Commands\Server\rewrite.php(49): require_once('C:\\xampp\\htdocs\\tailwebs\\public\\index.php')
CRITICAL - 2024-07-29 17:17:04 --> [Caused by] mysqli_sql_exception: You have an error in your SQL syntax; check the manual that corresponds to your MariaDB server version for the right syntax to use near '' at line 1
in SYSTEMPATH\Database\MySQLi\Connection.php on line 310.
 1 SYSTEMPATH\Database\MySQLi\Connection.php(310): mysqli->query('SELECT * FROM tbl_sample ORDER BY id DESC LIMIT , ', 0)
 2 SYSTEMPATH\Database\BaseConnection.php(732): CodeIgniter\Database\MySQLi\Connection->execute('SELECT * FROM tbl_sample ORDER BY id DESC LIMIT , ')
 3 SYSTEMPATH\Database\BaseConnection.php(646): CodeIgniter\Database\BaseConnection->simpleQuery('SELECT * FROM tbl_sample ORDER BY id DESC LIMIT , ')
 4 APPPATH\Controllers\Home.php(46): CodeIgniter\Database\BaseConnection->query('SELECT * FROM tbl_sample ORDER BY id DESC LIMIT , ')
 5 SYSTEMPATH\CodeIgniter.php(933): App\Controllers\Home->fetch()
 6 SYSTEMPATH\CodeIgniter.php(509): CodeIgniter\CodeIgniter->runController(Object(App\Controllers\Home))
 7 SYSTEMPATH\CodeIgniter.php(355): CodeIgniter\CodeIgniter->handleRequest(null, Object(Config\Cache), false)
 8 SYSTEMPATH\Boot.php(325): CodeIgniter\CodeIgniter->run()
 9 SYSTEMPATH\Boot.php(67): CodeIgniter\Boot::runCodeIgniter(Object(CodeIgniter\CodeIgniter))
10 FCPATH\index.php(56): CodeIgniter\Boot::bootWeb(Object(Config\Paths))
11 SYSTEMPATH\Commands\Server\rewrite.php(49): require_once('C:\\xampp\\htdocs\\tailwebs\\public\\index.php')
CRITICAL - 2024-07-29 17:38:18 --> Error: Call to undefined method CodeIgniter\Database\MySQLi\Result::fetchAll()
[Method: POST, Route: fetch]
in APPPATH\Controllers\Home.php on line 50.
 1 SYSTEMPATH\CodeIgniter.php(933): App\Controllers\Home->fetch()
 2 SYSTEMPATH\CodeIgniter.php(509): CodeIgniter\CodeIgniter->runController(Object(App\Controllers\Home))
 3 SYSTEMPATH\CodeIgniter.php(355): CodeIgniter\CodeIgniter->handleRequest(null, Object(Config\Cache), false)
 4 SYSTEMPATH\Boot.php(325): CodeIgniter\CodeIgniter->run()
 5 SYSTEMPATH\Boot.php(67): CodeIgniter\Boot::runCodeIgniter(Object(CodeIgniter\CodeIgniter))
 6 FCPATH\index.php(56): CodeIgniter\Boot::bootWeb(Object(Config\Paths))
 7 SYSTEMPATH\Commands\Server\rewrite.php(49): require_once('C:\\xampp\\htdocs\\tailwebs\\public\\index.php')
CRITICAL - 2024-07-29 17:40:43 --> Error: Call to undefined method App\Controllers\Home::count_all_datacount_all_data()
[Method: POST, Route: fetch]
in APPPATH\Controllers\Home.php on line 69.
 1 SYSTEMPATH\CodeIgniter.php(933): App\Controllers\Home->fetch()
 2 SYSTEMPATH\CodeIgniter.php(509): CodeIgniter\CodeIgniter->runController(Object(App\Controllers\Home))
 3 SYSTEMPATH\CodeIgniter.php(355): CodeIgniter\CodeIgniter->handleRequest(null, Object(Config\Cache), false)
 4 SYSTEMPATH\Boot.php(325): CodeIgniter\CodeIgniter->run()
 5 SYSTEMPATH\Boot.php(67): CodeIgniter\Boot::runCodeIgniter(Object(CodeIgniter\CodeIgniter))
 6 FCPATH\index.php(56): CodeIgniter\Boot::bootWeb(Object(Config\Paths))
 7 SYSTEMPATH\Commands\Server\rewrite.php(49): require_once('C:\\xampp\\htdocs\\tailwebs\\public\\index.php')
CRITICAL - 2024-07-29 17:46:15 --> ErrorException: Undefined property: App\Controllers\Home::$db
[Method: POST, Route: action]
in APPPATH\Controllers\Home.php on line 103.
 1 APPPATH\Controllers\Home.php(103): CodeIgniter\Debug\Exceptions->errorHandler(2, 'Undefined property: App\\Controllers\\Home::$db', 'C:\\xampp\\htdocs\\tailwebs\\app\\Controllers\\Home.php', 103)
 2 SYSTEMPATH\CodeIgniter.php(933): App\Controllers\Home->action()
 3 SYSTEMPATH\CodeIgniter.php(509): CodeIgniter\CodeIgniter->runController(Object(App\Controllers\Home))
 4 SYSTEMPATH\CodeIgniter.php(355): CodeIgniter\CodeIgniter->handleRequest(null, Object(Config\Cache), false)
 5 SYSTEMPATH\Boot.php(325): CodeIgniter\CodeIgniter->run()
 6 SYSTEMPATH\Boot.php(67): CodeIgniter\Boot::runCodeIgniter(Object(CodeIgniter\CodeIgniter))
 7 FCPATH\index.php(56): CodeIgniter\Boot::bootWeb(Object(Config\Paths))
 8 SYSTEMPATH\Commands\Server\rewrite.php(49): require_once('C:\\xampp\\htdocs\\tailwebs\\public\\index.php')
ERROR - 2024-07-29 17:47:03 --> mysqli_sql_exception: You have an error in your SQL syntax; check the manual that corresponds to your MariaDB server version for the right syntax to use near ':first_name, 
 last_name = :last_name, 
 gender = :gender 
 WHERE id = :id' at line 2 in C:\xampp\htdocs\tailwebs\system\Database\MySQLi\Connection.php:310
Stack trace:
#0 C:\xampp\htdocs\tailwebs\system\Database\MySQLi\Connection.php(310): mysqli->query('\n UPDATE tbl_sa...', 0)
#1 C:\xampp\htdocs\tailwebs\system\Database\BaseConnection.php(732): CodeIgniter\Database\MySQLi\Connection->execute('\n UPDATE tbl_sa...')
#2 C:\xampp\htdocs\tailwebs\system\Database\BaseConnection.php(646): CodeIgniter\Database\BaseConnection->simpleQuery('\n UPDATE tbl_sa...')
#3 C:\xampp\htdocs\tailwebs\app\Controllers\Home.php(104): CodeIgniter\Database\BaseConnection->query('\n UPDATE tbl_sa...')
#4 C:\xampp\htdocs\tailwebs\system\CodeIgniter.php(933): App\Controllers\Home->action()
#5 C:\xampp\htdocs\tailwebs\system\CodeIgniter.php(509): CodeIgniter\CodeIgniter->runController(Object(App\Controllers\Home))
#6 C:\xampp\htdocs\tailwebs\system\CodeIgniter.php(355): CodeIgniter\CodeIgniter->handleRequest(NULL, Object(Config\Cache), false)
#7 C:\xampp\htdocs\tailwebs\system\Boot.php(325): CodeIgniter\CodeIgniter->run()
#8 C:\xampp\htdocs\tailwebs\system\Boot.php(67): CodeIgniter\Boot::runCodeIgniter(Object(CodeIgniter\CodeIgniter))
#9 C:\xampp\htdocs\tailwebs\public\index.php(56): CodeIgniter\Boot::bootWeb(Object(Config\Paths))
#10 C:\xampp\htdocs\tailwebs\system\Commands\Server\rewrite.php(49): require_once('C:\\xampp\\htdocs...')
#11 {main}
CRITICAL - 2024-07-29 17:47:03 --> CodeIgniter\Database\Exceptions\DatabaseException: You have an error in your SQL syntax; check the manual that corresponds to your MariaDB server version for the right syntax to use near ':first_name, 
 last_name = :last_name, 
 gender = :gender 
 WHERE id = :id' at line 2
[Method: POST, Route: action]
in SYSTEMPATH\Database\BaseConnection.php on line 686.
 1 APPPATH\Controllers\Home.php(104): CodeIgniter\Database\BaseConnection->query('
 UPDATE tbl_sample 
 SET first_name = :first_name, 
 last_name = :last_name, 
 gender = :gender 
 WHERE id = :id
 ')
 2 SYSTEMPATH\CodeIgniter.php(933): App\Controllers\Home->action()
 3 SYSTEMPATH\CodeIgniter.php(509): CodeIgniter\CodeIgniter->runController(Object(App\Controllers\Home))
 4 SYSTEMPATH\CodeIgniter.php(355): CodeIgniter\CodeIgniter->handleRequest(null, Object(Config\Cache), false)
 5 SYSTEMPATH\Boot.php(325): CodeIgniter\CodeIgniter->run()
 6 SYSTEMPATH\Boot.php(67): CodeIgniter\Boot::runCodeIgniter(Object(CodeIgniter\CodeIgniter))
 7 FCPATH\index.php(56): CodeIgniter\Boot::bootWeb(Object(Config\Paths))
 8 SYSTEMPATH\Commands\Server\rewrite.php(49): require_once('C:\\xampp\\htdocs\\tailwebs\\public\\index.php')
CRITICAL - 2024-07-29 17:47:03 --> [Caused by] CodeIgniter\Database\Exceptions\DatabaseException: You have an error in your SQL syntax; check the manual that corresponds to your MariaDB server version for the right syntax to use near ':first_name, 
 last_name = :last_name, 
 gender = :gender 
 WHERE id = :id' at line 2
in SYSTEMPATH\Database\MySQLi\Connection.php on line 315.
 1 SYSTEMPATH\Database\BaseConnection.php(732): CodeIgniter\Database\MySQLi\Connection->execute('
 UPDATE tbl_sample 
 SET first_name = :first_name, 
 last_name = :last_name, 
 gender = :gender 
 WHERE id = :id
 ')
 2 SYSTEMPATH\Database\BaseConnection.php(646): CodeIgniter\Database\BaseConnection->simpleQuery('
 UPDATE tbl_sample 
 SET first_name = :first_name, 
 last_name = :last_name, 
 gender = :gender 
 WHERE id = :id
 ')
 3 APPPATH\Controllers\Home.php(104): CodeIgniter\Database\BaseConnection->query('
 UPDATE tbl_sample 
 SET first_name = :first_name, 
 last_name = :last_name, 
 gender = :gender 
 WHERE id = :id
 ')
 4 SYSTEMPATH\CodeIgniter.php(933): App\Controllers\Home->action()
 5 SYSTEMPATH\CodeIgniter.php(509): CodeIgniter\CodeIgniter->runController(Object(App\Controllers\Home))
 6 SYSTEMPATH\CodeIgniter.php(355): CodeIgniter\CodeIgniter->handleRequest(null, Object(Config\Cache), false)
 7 SYSTEMPATH\Boot.php(325): CodeIgniter\CodeIgniter->run()
 8 SYSTEMPATH\Boot.php(67): CodeIgniter\Boot::runCodeIgniter(Object(CodeIgniter\CodeIgniter))
 9 FCPATH\index.php(56): CodeIgniter\Boot::bootWeb(Object(Config\Paths))
10 SYSTEMPATH\Commands\Server\rewrite.php(49): require_once('C:\\xampp\\htdocs\\tailwebs\\public\\index.php')
CRITICAL - 2024-07-29 17:47:03 --> [Caused by] mysqli_sql_exception: You have an error in your SQL syntax; check the manual that corresponds to your MariaDB server version for the right syntax to use near ':first_name, 
 last_name = :last_name, 
 gender = :gender 
 WHERE id = :id' at line 2
in SYSTEMPATH\Database\MySQLi\Connection.php on line 310.
 1 SYSTEMPATH\Database\MySQLi\Connection.php(310): mysqli->query('
 UPDATE tbl_sample 
 SET first_name = :first_name, 
 last_name = :last_name, 
 gender = :gender 
 WHERE id = :id
 ', 0)
 2 SYSTEMPATH\Database\BaseConnection.php(732): CodeIgniter\Database\MySQLi\Connection->execute('
 UPDATE tbl_sample 
 SET first_name = :first_name, 
 last_name = :last_name, 
 gender = :gender 
 WHERE id = :id
 ')
 3 SYSTEMPATH\Database\BaseConnection.php(646): CodeIgniter\Database\BaseConnection->simpleQuery('
 UPDATE tbl_sample 
 SET first_name = :first_name, 
 last_name = :last_name, 
 gender = :gender 
 WHERE id = :id
 ')
 4 APPPATH\Controllers\Home.php(104): CodeIgniter\Database\BaseConnection->query('
 UPDATE tbl_sample 
 SET first_name = :first_name, 
 last_name = :last_name, 
 gender = :gender 
 WHERE id = :id
 ')
 5 SYSTEMPATH\CodeIgniter.php(933): App\Controllers\Home->action()
 6 SYSTEMPATH\CodeIgniter.php(509): CodeIgniter\CodeIgniter->runController(Object(App\Controllers\Home))
 7 SYSTEMPATH\CodeIgniter.php(355): CodeIgniter\CodeIgniter->handleRequest(null, Object(Config\Cache), false)
 8 SYSTEMPATH\Boot.php(325): CodeIgniter\CodeIgniter->run()
 9 SYSTEMPATH\Boot.php(67): CodeIgniter\Boot::runCodeIgniter(Object(CodeIgniter\CodeIgniter))
10 FCPATH\index.php(56): CodeIgniter\Boot::bootWeb(Object(Config\Paths))
11 SYSTEMPATH\Commands\Server\rewrite.php(49): require_once('C:\\xampp\\htdocs\\tailwebs\\public\\index.php')
ERROR - 2024-07-29 17:52:55 --> mysqli_sql_exception: Unknown column 'Jithin' in 'field list' in C:\xampp\htdocs\tailwebs\system\Database\MySQLi\Connection.php:310
Stack trace:
#0 C:\xampp\htdocs\tailwebs\system\Database\MySQLi\Connection.php(310): mysqli->query('\n UPDATE tbl_sa...', 0)
#1 C:\xampp\htdocs\tailwebs\system\Database\BaseConnection.php(732): CodeIgniter\Database\MySQLi\Connection->execute('\n UPDATE tbl_sa...')
#2 C:\xampp\htdocs\tailwebs\system\Database\BaseConnection.php(646): CodeIgniter\Database\BaseConnection->simpleQuery('\n UPDATE tbl_sa...')
#3 C:\xampp\htdocs\tailwebs\app\Controllers\Home.php(104): CodeIgniter\Database\BaseConnection->query('\n UPDATE tbl_sa...')
#4 C:\xampp\htdocs\tailwebs\system\CodeIgniter.php(933): App\Controllers\Home->action()
#5 C:\xampp\htdocs\tailwebs\system\CodeIgniter.php(509): CodeIgniter\CodeIgniter->runController(Object(App\Controllers\Home))
#6 C:\xampp\htdocs\tailwebs\system\CodeIgniter.php(355): CodeIgniter\CodeIgniter->handleRequest(NULL, Object(Config\Cache), false)
#7 C:\xampp\htdocs\tailwebs\system\Boot.php(325): CodeIgniter\CodeIgniter->run()
#8 C:\xampp\htdocs\tailwebs\system\Boot.php(67): CodeIgniter\Boot::runCodeIgniter(Object(CodeIgniter\CodeIgniter))
#9 C:\xampp\htdocs\tailwebs\public\index.php(56): CodeIgniter\Boot::bootWeb(Object(Config\Paths))
#10 C:\xampp\htdocs\tailwebs\system\Commands\Server\rewrite.php(49): require_once('C:\\xampp\\htdocs...')
#11 {main}
CRITICAL - 2024-07-29 17:52:55 --> CodeIgniter\Database\Exceptions\DatabaseException: Unknown column 'Jithin' in 'field list'
[Method: POST, Route: action]
in SYSTEMPATH\Database\BaseConnection.php on line 686.
 1 APPPATH\Controllers\Home.php(104): CodeIgniter\Database\BaseConnection->query('
 UPDATE tbl_sample 
 SET first_name = Jithin, 
 last_name = Jones, 
 gender = 1 
 WHERE id = 32
 ')
 2 SYSTEMPATH\CodeIgniter.php(933): App\Controllers\Home->action()
 3 SYSTEMPATH\CodeIgniter.php(509): CodeIgniter\CodeIgniter->runController(Object(App\Controllers\Home))
 4 SYSTEMPATH\CodeIgniter.php(355): CodeIgniter\CodeIgniter->handleRequest(null, Object(Config\Cache), false)
 5 SYSTEMPATH\Boot.php(325): CodeIgniter\CodeIgniter->run()
 6 SYSTEMPATH\Boot.php(67): CodeIgniter\Boot::runCodeIgniter(Object(CodeIgniter\CodeIgniter))
 7 FCPATH\index.php(56): CodeIgniter\Boot::bootWeb(Object(Config\Paths))
 8 SYSTEMPATH\Commands\Server\rewrite.php(49): require_once('C:\\xampp\\htdocs\\tailwebs\\public\\index.php')
CRITICAL - 2024-07-29 17:52:55 --> [Caused by] CodeIgniter\Database\Exceptions\DatabaseException: Unknown column 'Jithin' in 'field list'
in SYSTEMPATH\Database\MySQLi\Connection.php on line 315.
 1 SYSTEMPATH\Database\BaseConnection.php(732): CodeIgniter\Database\MySQLi\Connection->execute('
 UPDATE tbl_sample 
 SET first_name = Jithin, 
 last_name = Jones, 
 gender = 1 
 WHERE id = 32
 ')
 2 SYSTEMPATH\Database\BaseConnection.php(646): CodeIgniter\Database\BaseConnection->simpleQuery('
 UPDATE tbl_sample 
 SET first_name = Jithin, 
 last_name = Jones, 
 gender = 1 
 WHERE id = 32
 ')
 3 APPPATH\Controllers\Home.php(104): CodeIgniter\Database\BaseConnection->query('
 UPDATE tbl_sample 
 SET first_name = Jithin, 
 last_name = Jones, 
 gender = 1 
 WHERE id = 32
 ')
 4 SYSTEMPATH\CodeIgniter.php(933): App\Controllers\Home->action()
 5 SYSTEMPATH\CodeIgniter.php(509): CodeIgniter\CodeIgniter->runController(Object(App\Controllers\Home))
 6 SYSTEMPATH\CodeIgniter.php(355): CodeIgniter\CodeIgniter->handleRequest(null, Object(Config\Cache), false)
 7 SYSTEMPATH\Boot.php(325): CodeIgniter\CodeIgniter->run()
 8 SYSTEMPATH\Boot.php(67): CodeIgniter\Boot::runCodeIgniter(Object(CodeIgniter\CodeIgniter))
 9 FCPATH\index.php(56): CodeIgniter\Boot::bootWeb(Object(Config\Paths))
10 SYSTEMPATH\Commands\Server\rewrite.php(49): require_once('C:\\xampp\\htdocs\\tailwebs\\public\\index.php')
CRITICAL - 2024-07-29 17:52:55 --> [Caused by] mysqli_sql_exception: Unknown column 'Jithin' in 'field list'
in SYSTEMPATH\Database\MySQLi\Connection.php on line 310.
 1 SYSTEMPATH\Database\MySQLi\Connection.php(310): mysqli->query('
 UPDATE tbl_sample 
 SET first_name = Jithin, 
 last_name = Jones, 
 gender = 1 
 WHERE id = 32
 ', 0)
 2 SYSTEMPATH\Database\BaseConnection.php(732): CodeIgniter\Database\MySQLi\Connection->execute('
 UPDATE tbl_sample 
 SET first_name = Jithin, 
 last_name = Jones, 
 gender = 1 
 WHERE id = 32
 ')
 3 SYSTEMPATH\Database\BaseConnection.php(646): CodeIgniter\Database\BaseConnection->simpleQuery('
 UPDATE tbl_sample 
 SET first_name = Jithin, 
 last_name = Jones, 
 gender = 1 
 WHERE id = 32
 ')
 4 APPPATH\Controllers\Home.php(104): CodeIgniter\Database\BaseConnection->query('
 UPDATE tbl_sample 
 SET first_name = Jithin, 
 last_name = Jones, 
 gender = 1 
 WHERE id = 32
 ')
 5 SYSTEMPATH\CodeIgniter.php(933): App\Controllers\Home->action()
 6 SYSTEMPATH\CodeIgniter.php(509): CodeIgniter\CodeIgniter->runController(Object(App\Controllers\Home))
 7 SYSTEMPATH\CodeIgniter.php(355): CodeIgniter\CodeIgniter->handleRequest(null, Object(Config\Cache), false)
 8 SYSTEMPATH\Boot.php(325): CodeIgniter\CodeIgniter->run()
 9 SYSTEMPATH\Boot.php(67): CodeIgniter\Boot::runCodeIgniter(Object(CodeIgniter\CodeIgniter))
10 FCPATH\index.php(56): CodeIgniter\Boot::bootWeb(Object(Config\Paths))
11 SYSTEMPATH\Commands\Server\rewrite.php(49): require_once('C:\\xampp\\htdocs\\tailwebs\\public\\index.php')
ERROR - 2024-07-29 17:54:51 --> mysqli_sql_exception: Unknown column 'Jithin' in 'field list' in C:\xampp\htdocs\tailwebs\system\Database\MySQLi\Connection.php:310
Stack trace:
#0 C:\xampp\htdocs\tailwebs\system\Database\MySQLi\Connection.php(310): mysqli->query('\n UPDATE tbl_sa...', 0)
#1 C:\xampp\htdocs\tailwebs\system\Database\BaseConnection.php(732): CodeIgniter\Database\MySQLi\Connection->execute('\n UPDATE tbl_sa...')
#2 C:\xampp\htdocs\tailwebs\system\Database\BaseConnection.php(646): CodeIgniter\Database\BaseConnection->simpleQuery('\n UPDATE tbl_sa...')
#3 C:\xampp\htdocs\tailwebs\app\Controllers\Home.php(105): CodeIgniter\Database\BaseConnection->query('\n UPDATE tbl_sa...')
#4 C:\xampp\htdocs\tailwebs\system\CodeIgniter.php(933): App\Controllers\Home->action()
#5 C:\xampp\htdocs\tailwebs\system\CodeIgniter.php(509): CodeIgniter\CodeIgniter->runController(Object(App\Controllers\Home))
#6 C:\xampp\htdocs\tailwebs\system\CodeIgniter.php(355): CodeIgniter\CodeIgniter->handleRequest(NULL, Object(Config\Cache), false)
#7 C:\xampp\htdocs\tailwebs\system\Boot.php(325): CodeIgniter\CodeIgniter->run()
#8 C:\xampp\htdocs\tailwebs\system\Boot.php(67): CodeIgniter\Boot::runCodeIgniter(Object(CodeIgniter\CodeIgniter))
#9 C:\xampp\htdocs\tailwebs\public\index.php(56): CodeIgniter\Boot::bootWeb(Object(Config\Paths))
#10 C:\xampp\htdocs\tailwebs\system\Commands\Server\rewrite.php(49): require_once('C:\\xampp\\htdocs...')
#11 {main}
CRITICAL - 2024-07-29 17:54:51 --> CodeIgniter\Database\Exceptions\DatabaseException: Unknown column 'Jithin' in 'field list'
[Method: POST, Route: action]
in SYSTEMPATH\Database\BaseConnection.php on line 686.
 1 APPPATH\Controllers\Home.php(105): CodeIgniter\Database\BaseConnection->query('
 UPDATE tbl_sample 
 SET first_name = Jithin, 
 last_name = Jones, 
 gender = 1 
 WHERE id = 32
 ')
 2 SYSTEMPATH\CodeIgniter.php(933): App\Controllers\Home->action()
 3 SYSTEMPATH\CodeIgniter.php(509): CodeIgniter\CodeIgniter->runController(Object(App\Controllers\Home))
 4 SYSTEMPATH\CodeIgniter.php(355): CodeIgniter\CodeIgniter->handleRequest(null, Object(Config\Cache), false)
 5 SYSTEMPATH\Boot.php(325): CodeIgniter\CodeIgniter->run()
 6 SYSTEMPATH\Boot.php(67): CodeIgniter\Boot::runCodeIgniter(Object(CodeIgniter\CodeIgniter))
 7 FCPATH\index.php(56): CodeIgniter\Boot::bootWeb(Object(Config\Paths))
 8 SYSTEMPATH\Commands\Server\rewrite.php(49): require_once('C:\\xampp\\htdocs\\tailwebs\\public\\index.php')
CRITICAL - 2024-07-29 17:54:51 --> [Caused by] CodeIgniter\Database\Exceptions\DatabaseException: Unknown column 'Jithin' in 'field list'
in SYSTEMPATH\Database\MySQLi\Connection.php on line 315.
 1 SYSTEMPATH\Database\BaseConnection.php(732): CodeIgniter\Database\MySQLi\Connection->execute('
 UPDATE tbl_sample 
 SET first_name = Jithin, 
 last_name = Jones, 
 gender = 1 
 WHERE id = 32
 ')
 2 SYSTEMPATH\Database\BaseConnection.php(646): CodeIgniter\Database\BaseConnection->simpleQuery('
 UPDATE tbl_sample 
 SET first_name = Jithin, 
 last_name = Jones, 
 gender = 1 
 WHERE id = 32
 ')
 3 APPPATH\Controllers\Home.php(105): CodeIgniter\Database\BaseConnection->query('
 UPDATE tbl_sample 
 SET first_name = Jithin, 
 last_name = Jones, 
 gender = 1 
 WHERE id = 32
 ')
 4 SYSTEMPATH\CodeIgniter.php(933): App\Controllers\Home->action()
 5 SYSTEMPATH\CodeIgniter.php(509): CodeIgniter\CodeIgniter->runController(Object(App\Controllers\Home))
 6 SYSTEMPATH\CodeIgniter.php(355): CodeIgniter\CodeIgniter->handleRequest(null, Object(Config\Cache), false)
 7 SYSTEMPATH\Boot.php(325): CodeIgniter\CodeIgniter->run()
 8 SYSTEMPATH\Boot.php(67): CodeIgniter\Boot::runCodeIgniter(Object(CodeIgniter\CodeIgniter))
 9 FCPATH\index.php(56): CodeIgniter\Boot::bootWeb(Object(Config\Paths))
10 SYSTEMPATH\Commands\Server\rewrite.php(49): require_once('C:\\xampp\\htdocs\\tailwebs\\public\\index.php')
CRITICAL - 2024-07-29 17:54:51 --> [Caused by] mysqli_sql_exception: Unknown column 'Jithin' in 'field list'
in SYSTEMPATH\Database\MySQLi\Connection.php on line 310.
 1 SYSTEMPATH\Database\MySQLi\Connection.php(310): mysqli->query('
 UPDATE tbl_sample 
 SET first_name = Jithin, 
 last_name = Jones, 
 gender = 1 
 WHERE id = 32
 ', 0)
 2 SYSTEMPATH\Database\BaseConnection.php(732): CodeIgniter\Database\MySQLi\Connection->execute('
 UPDATE tbl_sample 
 SET first_name = Jithin, 
 last_name = Jones, 
 gender = 1 
 WHERE id = 32
 ')
 3 SYSTEMPATH\Database\BaseConnection.php(646): CodeIgniter\Database\BaseConnection->simpleQuery('
 UPDATE tbl_sample 
 SET first_name = Jithin, 
 last_name = Jones, 
 gender = 1 
 WHERE id = 32
 ')
 4 APPPATH\Controllers\Home.php(105): CodeIgniter\Database\BaseConnection->query('
 UPDATE tbl_sample 
 SET first_name = Jithin, 
 last_name = Jones, 
 gender = 1 
 WHERE id = 32
 ')
 5 SYSTEMPATH\CodeIgniter.php(933): App\Controllers\Home->action()
 6 SYSTEMPATH\CodeIgniter.php(509): CodeIgniter\CodeIgniter->runController(Object(App\Controllers\Home))
 7 SYSTEMPATH\CodeIgniter.php(355): CodeIgniter\CodeIgniter->handleRequest(null, Object(Config\Cache), false)
 8 SYSTEMPATH\Boot.php(325): CodeIgniter\CodeIgniter->run()
 9 SYSTEMPATH\Boot.php(67): CodeIgniter\Boot::runCodeIgniter(Object(CodeIgniter\CodeIgniter))
10 FCPATH\index.php(56): CodeIgniter\Boot::bootWeb(Object(Config\Paths))
11 SYSTEMPATH\Commands\Server\rewrite.php(49): require_once('C:\\xampp\\htdocs\\tailwebs\\public\\index.php')
ERROR - 2024-07-29 17:57:32 --> mysqli_sql_exception: Unknown column 'Anna' in 'field list' in C:\xampp\htdocs\tailwebs\system\Database\MySQLi\Connection.php:310
Stack trace:
#0 C:\xampp\htdocs\tailwebs\system\Database\MySQLi\Connection.php(310): mysqli->query('\n UPDATE tbl_sa...', 0)
#1 C:\xampp\htdocs\tailwebs\system\Database\BaseConnection.php(732): CodeIgniter\Database\MySQLi\Connection->execute('\n UPDATE tbl_sa...')
#2 C:\xampp\htdocs\tailwebs\system\Database\BaseConnection.php(646): CodeIgniter\Database\BaseConnection->simpleQuery('\n UPDATE tbl_sa...')
#3 C:\xampp\htdocs\tailwebs\app\Controllers\Home.php(105): CodeIgniter\Database\BaseConnection->query('\n UPDATE tbl_sa...')
#4 C:\xampp\htdocs\tailwebs\system\CodeIgniter.php(933): App\Controllers\Home->action()
#5 C:\xampp\htdocs\tailwebs\system\CodeIgniter.php(509): CodeIgniter\CodeIgniter->runController(Object(App\Controllers\Home))
#6 C:\xampp\htdocs\tailwebs\system\CodeIgniter.php(355): CodeIgniter\CodeIgniter->handleRequest(NULL, Object(Config\Cache), false)
#7 C:\xampp\htdocs\tailwebs\system\Boot.php(325): CodeIgniter\CodeIgniter->run()
#8 C:\xampp\htdocs\tailwebs\system\Boot.php(67): CodeIgniter\Boot::runCodeIgniter(Object(CodeIgniter\CodeIgniter))
#9 C:\xampp\htdocs\tailwebs\public\index.php(56): CodeIgniter\Boot::bootWeb(Object(Config\Paths))
#10 C:\xampp\htdocs\tailwebs\system\Commands\Server\rewrite.php(49): require_once('C:\\xampp\\htdocs...')
#11 {main}
CRITICAL - 2024-07-29 17:57:32 --> CodeIgniter\Database\Exceptions\DatabaseException: Unknown column 'Anna' in 'field list'
[Method: POST, Route: action]
in SYSTEMPATH\Database\BaseConnection.php on line 686.
 1 APPPATH\Controllers\Home.php(105): CodeIgniter\Database\BaseConnection->query('
 UPDATE tbl_sample 
 SET first_name = Anna, 
 last_name = Peterson, 
 gender = 2 
 WHERE id = 30
 ')
 2 SYSTEMPATH\CodeIgniter.php(933): App\Controllers\Home->action()
 3 SYSTEMPATH\CodeIgniter.php(509): CodeIgniter\CodeIgniter->runController(Object(App\Controllers\Home))
 4 SYSTEMPATH\CodeIgniter.php(355): CodeIgniter\CodeIgniter->handleRequest(null, Object(Config\Cache), false)
 5 SYSTEMPATH\Boot.php(325): CodeIgniter\CodeIgniter->run()
 6 SYSTEMPATH\Boot.php(67): CodeIgniter\Boot::runCodeIgniter(Object(CodeIgniter\CodeIgniter))
 7 FCPATH\index.php(56): CodeIgniter\Boot::bootWeb(Object(Config\Paths))
 8 SYSTEMPATH\Commands\Server\rewrite.php(49): require_once('C:\\xampp\\htdocs\\tailwebs\\public\\index.php')
CRITICAL - 2024-07-29 17:57:32 --> [Caused by] CodeIgniter\Database\Exceptions\DatabaseException: Unknown column 'Anna' in 'field list'
in SYSTEMPATH\Database\MySQLi\Connection.php on line 315.
 1 SYSTEMPATH\Database\BaseConnection.php(732): CodeIgniter\Database\MySQLi\Connection->execute('
 UPDATE tbl_sample 
 SET first_name = Anna, 
 last_name = Peterson, 
 gender = 2 
 WHERE id = 30
 ')
 2 SYSTEMPATH\Database\BaseConnection.php(646): CodeIgniter\Database\BaseConnection->simpleQuery('
 UPDATE tbl_sample 
 SET first_name = Anna, 
 last_name = Peterson, 
 gender = 2 
 WHERE id = 30
 ')
 3 APPPATH\Controllers\Home.php(105): CodeIgniter\Database\BaseConnection->query('
 UPDATE tbl_sample 
 SET first_name = Anna, 
 last_name = Peterson, 
 gender = 2 
 WHERE id = 30
 ')
 4 SYSTEMPATH\CodeIgniter.php(933): App\Controllers\Home->action()
 5 SYSTEMPATH\CodeIgniter.php(509): CodeIgniter\CodeIgniter->runController(Object(App\Controllers\Home))
 6 SYSTEMPATH\CodeIgniter.php(355): CodeIgniter\CodeIgniter->handleRequest(null, Object(Config\Cache), false)
 7 SYSTEMPATH\Boot.php(325): CodeIgniter\CodeIgniter->run()
 8 SYSTEMPATH\Boot.php(67): CodeIgniter\Boot::runCodeIgniter(Object(CodeIgniter\CodeIgniter))
 9 FCPATH\index.php(56): CodeIgniter\Boot::bootWeb(Object(Config\Paths))
10 SYSTEMPATH\Commands\Server\rewrite.php(49): require_once('C:\\xampp\\htdocs\\tailwebs\\public\\index.php')
CRITICAL - 2024-07-29 17:57:32 --> [Caused by] mysqli_sql_exception: Unknown column 'Anna' in 'field list'
in SYSTEMPATH\Database\MySQLi\Connection.php on line 310.
 1 SYSTEMPATH\Database\MySQLi\Connection.php(310): mysqli->query('
 UPDATE tbl_sample 
 SET first_name = Anna, 
 last_name = Peterson, 
 gender = 2 
 WHERE id = 30
 ', 0)
 2 SYSTEMPATH\Database\BaseConnection.php(732): CodeIgniter\Database\MySQLi\Connection->execute('
 UPDATE tbl_sample 
 SET first_name = Anna, 
 last_name = Peterson, 
 gender = 2 
 WHERE id = 30
 ')
 3 SYSTEMPATH\Database\BaseConnection.php(646): CodeIgniter\Database\BaseConnection->simpleQuery('
 UPDATE tbl_sample 
 SET first_name = Anna, 
 last_name = Peterson, 
 gender = 2 
 WHERE id = 30
 ')
 4 APPPATH\Controllers\Home.php(105): CodeIgniter\Database\BaseConnection->query('
 UPDATE tbl_sample 
 SET first_name = Anna, 
 last_name = Peterson, 
 gender = 2 
 WHERE id = 30
 ')
 5 SYSTEMPATH\CodeIgniter.php(933): App\Controllers\Home->action()
 6 SYSTEMPATH\CodeIgniter.php(509): CodeIgniter\CodeIgniter->runController(Object(App\Controllers\Home))
 7 SYSTEMPATH\CodeIgniter.php(355): CodeIgniter\CodeIgniter->handleRequest(null, Object(Config\Cache), false)
 8 SYSTEMPATH\Boot.php(325): CodeIgniter\CodeIgniter->run()
 9 SYSTEMPATH\Boot.php(67): CodeIgniter\Boot::runCodeIgniter(Object(CodeIgniter\CodeIgniter))
10 FCPATH\index.php(56): CodeIgniter\Boot::bootWeb(Object(Config\Paths))
11 SYSTEMPATH\Commands\Server\rewrite.php(49): require_once('C:\\xampp\\htdocs\\tailwebs\\public\\index.php')
ERROR - 2024-07-29 19:01:05 --> mysqli_sql_exception: Unknown column 'John' in 'field list' in C:\xampp\htdocs\tailwebs\system\Database\MySQLi\Connection.php:310
Stack trace:
#0 C:\xampp\htdocs\tailwebs\system\Database\MySQLi\Connection.php(310): mysqli->query('\n UPDATE tbl_sa...', 0)
#1 C:\xampp\htdocs\tailwebs\system\Database\BaseConnection.php(732): CodeIgniter\Database\MySQLi\Connection->execute('\n UPDATE tbl_sa...')
#2 C:\xampp\htdocs\tailwebs\system\Database\BaseConnection.php(646): CodeIgniter\Database\BaseConnection->simpleQuery('\n UPDATE tbl_sa...')
#3 C:\xampp\htdocs\tailwebs\app\Controllers\Home.php(105): CodeIgniter\Database\BaseConnection->query('\n UPDATE tbl_sa...')
#4 C:\xampp\htdocs\tailwebs\system\CodeIgniter.php(933): App\Controllers\Home->action()
#5 C:\xampp\htdocs\tailwebs\system\CodeIgniter.php(509): CodeIgniter\CodeIgniter->runController(Object(App\Controllers\Home))
#6 C:\xampp\htdocs\tailwebs\system\CodeIgniter.php(355): CodeIgniter\CodeIgniter->handleRequest(NULL, Object(Config\Cache), false)
#7 C:\xampp\htdocs\tailwebs\system\Boot.php(325): CodeIgniter\CodeIgniter->run()
#8 C:\xampp\htdocs\tailwebs\system\Boot.php(67): CodeIgniter\Boot::runCodeIgniter(Object(CodeIgniter\CodeIgniter))
#9 C:\xampp\htdocs\tailwebs\public\index.php(56): CodeIgniter\Boot::bootWeb(Object(Config\Paths))
#10 C:\xampp\htdocs\tailwebs\system\Commands\Server\rewrite.php(49): require_once('C:\\xampp\\htdocs...')
#11 {main}
CRITICAL - 2024-07-29 19:01:05 --> CodeIgniter\Database\Exceptions\DatabaseException: Unknown column 'John' in 'field list'
[Method: POST, Route: action]
in SYSTEMPATH\Database\BaseConnection.php on line 686.
 1 APPPATH\Controllers\Home.php(105): CodeIgniter\Database\BaseConnection->query('
 UPDATE tbl_sample 
 SET first_name = John, 
 last_name = Smith, 
 gender = 1 
 WHERE id = 1
 ')
 2 SYSTEMPATH\CodeIgniter.php(933): App\Controllers\Home->action()
 3 SYSTEMPATH\CodeIgniter.php(509): CodeIgniter\CodeIgniter->runController(Object(App\Controllers\Home))
 4 SYSTEMPATH\CodeIgniter.php(355): CodeIgniter\CodeIgniter->handleRequest(null, Object(Config\Cache), false)
 5 SYSTEMPATH\Boot.php(325): CodeIgniter\CodeIgniter->run()
 6 SYSTEMPATH\Boot.php(67): CodeIgniter\Boot::runCodeIgniter(Object(CodeIgniter\CodeIgniter))
 7 FCPATH\index.php(56): CodeIgniter\Boot::bootWeb(Object(Config\Paths))
 8 SYSTEMPATH\Commands\Server\rewrite.php(49): require_once('C:\\xampp\\htdocs\\tailwebs\\public\\index.php')
CRITICAL - 2024-07-29 19:01:05 --> [Caused by] CodeIgniter\Database\Exceptions\DatabaseException: Unknown column 'John' in 'field list'
in SYSTEMPATH\Database\MySQLi\Connection.php on line 315.
 1 SYSTEMPATH\Database\BaseConnection.php(732): CodeIgniter\Database\MySQLi\Connection->execute('
 UPDATE tbl_sample 
 SET first_name = John, 
 last_name = Smith, 
 gender = 1 
 WHERE id = 1
 ')
 2 SYSTEMPATH\Database\BaseConnection.php(646): CodeIgniter\Database\BaseConnection->simpleQuery('
 UPDATE tbl_sample 
 SET first_name = John, 
 last_name = Smith, 
 gender = 1 
 WHERE id = 1
 ')
 3 APPPATH\Controllers\Home.php(105): CodeIgniter\Database\BaseConnection->query('
 UPDATE tbl_sample 
 SET first_name = John, 
 last_name = Smith, 
 gender = 1 
 WHERE id = 1
 ')
 4 SYSTEMPATH\CodeIgniter.php(933): App\Controllers\Home->action()
 5 SYSTEMPATH\CodeIgniter.php(509): CodeIgniter\CodeIgniter->runController(Object(App\Controllers\Home))
 6 SYSTEMPATH\CodeIgniter.php(355): CodeIgniter\CodeIgniter->handleRequest(null, Object(Config\Cache), false)
 7 SYSTEMPATH\Boot.php(325): CodeIgniter\CodeIgniter->run()
 8 SYSTEMPATH\Boot.php(67): CodeIgniter\Boot::runCodeIgniter(Object(CodeIgniter\CodeIgniter))
 9 FCPATH\index.php(56): CodeIgniter\Boot::bootWeb(Object(Config\Paths))
10 SYSTEMPATH\Commands\Server\rewrite.php(49): require_once('C:\\xampp\\htdocs\\tailwebs\\public\\index.php')
CRITICAL - 2024-07-29 19:01:05 --> [Caused by] mysqli_sql_exception: Unknown column 'John' in 'field list'
in SYSTEMPATH\Database\MySQLi\Connection.php on line 310.
 1 SYSTEMPATH\Database\MySQLi\Connection.php(310): mysqli->query('
 UPDATE tbl_sample 
 SET first_name = John, 
 last_name = Smith, 
 gender = 1 
 WHERE id = 1
 ', 0)
 2 SYSTEMPATH\Database\BaseConnection.php(732): CodeIgniter\Database\MySQLi\Connection->execute('
 UPDATE tbl_sample 
 SET first_name = John, 
 last_name = Smith, 
 gender = 1 
 WHERE id = 1
 ')
 3 SYSTEMPATH\Database\BaseConnection.php(646): CodeIgniter\Database\BaseConnection->simpleQuery('
 UPDATE tbl_sample 
 SET first_name = John, 
 last_name = Smith, 
 gender = 1 
 WHERE id = 1
 ')
 4 APPPATH\Controllers\Home.php(105): CodeIgniter\Database\BaseConnection->query('
 UPDATE tbl_sample 
 SET first_name = John, 
 last_name = Smith, 
 gender = 1 
 WHERE id = 1
 ')
 5 SYSTEMPATH\CodeIgniter.php(933): App\Controllers\Home->action()
 6 SYSTEMPATH\CodeIgniter.php(509): CodeIgniter\CodeIgniter->runController(Object(App\Controllers\Home))
 7 SYSTEMPATH\CodeIgniter.php(355): CodeIgniter\CodeIgniter->handleRequest(null, Object(Config\Cache), false)
 8 SYSTEMPATH\Boot.php(325): CodeIgniter\CodeIgniter->run()
 9 SYSTEMPATH\Boot.php(67): CodeIgniter\Boot::runCodeIgniter(Object(CodeIgniter\CodeIgniter))
10 FCPATH\index.php(56): CodeIgniter\Boot::bootWeb(Object(Config\Paths))
11 SYSTEMPATH\Commands\Server\rewrite.php(49): require_once('C:\\xampp\\htdocs\\tailwebs\\public\\index.php')
ERROR - 2024-07-29 19:01:23 --> mysqli_sql_exception: Unknown column 'Michael' in 'field list' in C:\xampp\htdocs\tailwebs\system\Database\MySQLi\Connection.php:310
Stack trace:
#0 C:\xampp\htdocs\tailwebs\system\Database\MySQLi\Connection.php(310): mysqli->query('\n UPDATE tbl_sa...', 0)
#1 C:\xampp\htdocs\tailwebs\system\Database\BaseConnection.php(732): CodeIgniter\Database\MySQLi\Connection->execute('\n UPDATE tbl_sa...')
#2 C:\xampp\htdocs\tailwebs\system\Database\BaseConnection.php(646): CodeIgniter\Database\BaseConnection->simpleQuery('\n UPDATE tbl_sa...')
#3 C:\xampp\htdocs\tailwebs\app\Controllers\Home.php(105): CodeIgniter\Database\BaseConnection->query('\n UPDATE tbl_sa...')
#4 C:\xampp\htdocs\tailwebs\system\CodeIgniter.php(933): App\Controllers\Home->action()
#5 C:\xampp\htdocs\tailwebs\system\CodeIgniter.php(509): CodeIgniter\CodeIgniter->runController(Object(App\Controllers\Home))
#6 C:\xampp\htdocs\tailwebs\system\CodeIgniter.php(355): CodeIgniter\CodeIgniter->handleRequest(NULL, Object(Config\Cache), false)
#7 C:\xampp\htdocs\tailwebs\system\Boot.php(325): CodeIgniter\CodeIgniter->run()
#8 C:\xampp\htdocs\tailwebs\system\Boot.php(67): CodeIgniter\Boot::runCodeIgniter(Object(CodeIgniter\CodeIgniter))
#9 C:\xampp\htdocs\tailwebs\public\index.php(56): CodeIgniter\Boot::bootWeb(Object(Config\Paths))
#10 C:\xampp\htdocs\tailwebs\system\Commands\Server\rewrite.php(49): require_once('C:\\xampp\\htdocs...')
#11 {main}
CRITICAL - 2024-07-29 19:01:23 --> CodeIgniter\Database\Exceptions\DatabaseException: Unknown column 'Michael' in 'field list'
[Method: POST, Route: action]
in SYSTEMPATH\Database\BaseConnection.php on line 686.
 1 APPPATH\Controllers\Home.php(105): CodeIgniter\Database\BaseConnection->query('
 UPDATE tbl_sample 
 SET first_name = Michael, 
 last_name = Dyer, 
 gender = 1 
 WHERE id = 28
 ')
 2 SYSTEMPATH\CodeIgniter.php(933): App\Controllers\Home->action()
 3 SYSTEMPATH\CodeIgniter.php(509): CodeIgniter\CodeIgniter->runController(Object(App\Controllers\Home))
 4 SYSTEMPATH\CodeIgniter.php(355): CodeIgniter\CodeIgniter->handleRequest(null, Object(Config\Cache), false)
 5 SYSTEMPATH\Boot.php(325): CodeIgniter\CodeIgniter->run()
 6 SYSTEMPATH\Boot.php(67): CodeIgniter\Boot::runCodeIgniter(Object(CodeIgniter\CodeIgniter))
 7 FCPATH\index.php(56): CodeIgniter\Boot::bootWeb(Object(Config\Paths))
 8 SYSTEMPATH\Commands\Server\rewrite.php(49): require_once('C:\\xampp\\htdocs\\tailwebs\\public\\index.php')
CRITICAL - 2024-07-29 19:01:23 --> [Caused by] CodeIgniter\Database\Exceptions\DatabaseException: Unknown column 'Michael' in 'field list'
in SYSTEMPATH\Database\MySQLi\Connection.php on line 315.
 1 SYSTEMPATH\Database\BaseConnection.php(732): CodeIgniter\Database\MySQLi\Connection->execute('
 UPDATE tbl_sample 
 SET first_name = Michael, 
 last_name = Dyer, 
 gender = 1 
 WHERE id = 28
 ')
 2 SYSTEMPATH\Database\BaseConnection.php(646): CodeIgniter\Database\BaseConnection->simpleQuery('
 UPDATE tbl_sample 
 SET first_name = Michael, 
 last_name = Dyer, 
 gender = 1 
 WHERE id = 28
 ')
 3 APPPATH\Controllers\Home.php(105): CodeIgniter\Database\BaseConnection->query('
 UPDATE tbl_sample 
 SET first_name = Michael, 
 last_name = Dyer, 
 gender = 1 
 WHERE id = 28
 ')
 4 SYSTEMPATH\CodeIgniter.php(933): App\Controllers\Home->action()
 5 SYSTEMPATH\CodeIgniter.php(509): CodeIgniter\CodeIgniter->runController(Object(App\Controllers\Home))
 6 SYSTEMPATH\CodeIgniter.php(355): CodeIgniter\CodeIgniter->handleRequest(null, Object(Config\Cache), false)
 7 SYSTEMPATH\Boot.php(325): CodeIgniter\CodeIgniter->run()
 8 SYSTEMPATH\Boot.php(67): CodeIgniter\Boot::runCodeIgniter(Object(CodeIgniter\CodeIgniter))
 9 FCPATH\index.php(56): CodeIgniter\Boot::bootWeb(Object(Config\Paths))
10 SYSTEMPATH\Commands\Server\rewrite.php(49): require_once('C:\\xampp\\htdocs\\tailwebs\\public\\index.php')
CRITICAL - 2024-07-29 19:01:23 --> [Caused by] mysqli_sql_exception: Unknown column 'Michael' in 'field list'
in SYSTEMPATH\Database\MySQLi\Connection.php on line 310.
 1 SYSTEMPATH\Database\MySQLi\Connection.php(310): mysqli->query('
 UPDATE tbl_sample 
 SET first_name = Michael, 
 last_name = Dyer, 
 gender = 1 
 WHERE id = 28
 ', 0)
 2 SYSTEMPATH\Database\BaseConnection.php(732): CodeIgniter\Database\MySQLi\Connection->execute('
 UPDATE tbl_sample 
 SET first_name = Michael, 
 last_name = Dyer, 
 gender = 1 
 WHERE id = 28
 ')
 3 SYSTEMPATH\Database\BaseConnection.php(646): CodeIgniter\Database\BaseConnection->simpleQuery('
 UPDATE tbl_sample 
 SET first_name = Michael, 
 last_name = Dyer, 
 gender = 1 
 WHERE id = 28
 ')
 4 APPPATH\Controllers\Home.php(105): CodeIgniter\Database\BaseConnection->query('
 UPDATE tbl_sample 
 SET first_name = Michael, 
 last_name = Dyer, 
 gender = 1 
 WHERE id = 28
 ')
 5 SYSTEMPATH\CodeIgniter.php(933): App\Controllers\Home->action()
 6 SYSTEMPATH\CodeIgniter.php(509): CodeIgniter\CodeIgniter->runController(Object(App\Controllers\Home))
 7 SYSTEMPATH\CodeIgniter.php(355): CodeIgniter\CodeIgniter->handleRequest(null, Object(Config\Cache), false)
 8 SYSTEMPATH\Boot.php(325): CodeIgniter\CodeIgniter->run()
 9 SYSTEMPATH\Boot.php(67): CodeIgniter\Boot::runCodeIgniter(Object(CodeIgniter\CodeIgniter))
10 FCPATH\index.php(56): CodeIgniter\Boot::bootWeb(Object(Config\Paths))
11 SYSTEMPATH\Commands\Server\rewrite.php(49): require_once('C:\\xampp\\htdocs\\tailwebs\\public\\index.php')
ERROR - 2024-07-29 19:03:10 --> mysqli_sql_exception: Unknown column 'Michael' in 'field list' in C:\xampp\htdocs\tailwebs\system\Database\MySQLi\Connection.php:310
Stack trace:
#0 C:\xampp\htdocs\tailwebs\system\Database\MySQLi\Connection.php(310): mysqli->query('\n UPDATE tbl_sa...', 0)
#1 C:\xampp\htdocs\tailwebs\system\Database\BaseConnection.php(732): CodeIgniter\Database\MySQLi\Connection->execute('\n UPDATE tbl_sa...')
#2 C:\xampp\htdocs\tailwebs\app\Controllers\Home.php(105): CodeIgniter\Database\BaseConnection->simpleQuery('\n UPDATE tbl_sa...')
#3 C:\xampp\htdocs\tailwebs\system\CodeIgniter.php(933): App\Controllers\Home->action()
#4 C:\xampp\htdocs\tailwebs\system\CodeIgniter.php(509): CodeIgniter\CodeIgniter->runController(Object(App\Controllers\Home))
#5 C:\xampp\htdocs\tailwebs\system\CodeIgniter.php(355): CodeIgniter\CodeIgniter->handleRequest(NULL, Object(Config\Cache), false)
#6 C:\xampp\htdocs\tailwebs\system\Boot.php(325): CodeIgniter\CodeIgniter->run()
#7 C:\xampp\htdocs\tailwebs\system\Boot.php(67): CodeIgniter\Boot::runCodeIgniter(Object(CodeIgniter\CodeIgniter))
#8 C:\xampp\htdocs\tailwebs\public\index.php(56): CodeIgniter\Boot::bootWeb(Object(Config\Paths))
#9 C:\xampp\htdocs\tailwebs\system\Commands\Server\rewrite.php(49): require_once('C:\\xampp\\htdocs...')
#10 {main}
CRITICAL - 2024-07-29 19:03:10 --> CodeIgniter\Database\Exceptions\DatabaseException: Unknown column 'Michael' in 'field list'
[Method: POST, Route: action]
in SYSTEMPATH\Database\MySQLi\Connection.php on line 315.
 1 SYSTEMPATH\Database\BaseConnection.php(732): CodeIgniter\Database\MySQLi\Connection->execute('
 UPDATE tbl_sample 
 SET first_name = Michael, 
 last_name = Dyer, 
 gender = 1 
 WHERE id = 28
 ')
 2 APPPATH\Controllers\Home.php(105): CodeIgniter\Database\BaseConnection->simpleQuery('
 UPDATE tbl_sample 
 SET first_name = Michael, 
 last_name = Dyer, 
 gender = 1 
 WHERE id = 28
 ')
 3 SYSTEMPATH\CodeIgniter.php(933): App\Controllers\Home->action()
 4 SYSTEMPATH\CodeIgniter.php(509): CodeIgniter\CodeIgniter->runController(Object(App\Controllers\Home))
 5 SYSTEMPATH\CodeIgniter.php(355): CodeIgniter\CodeIgniter->handleRequest(null, Object(Config\Cache), false)
 6 SYSTEMPATH\Boot.php(325): CodeIgniter\CodeIgniter->run()
 7 SYSTEMPATH\Boot.php(67): CodeIgniter\Boot::runCodeIgniter(Object(CodeIgniter\CodeIgniter))
 8 FCPATH\index.php(56): CodeIgniter\Boot::bootWeb(Object(Config\Paths))
 9 SYSTEMPATH\Commands\Server\rewrite.php(49): require_once('C:\\xampp\\htdocs\\tailwebs\\public\\index.php')
CRITICAL - 2024-07-29 19:03:10 --> [Caused by] mysqli_sql_exception: Unknown column 'Michael' in 'field list'
in SYSTEMPATH\Database\MySQLi\Connection.php on line 310.
 1 SYSTEMPATH\Database\MySQLi\Connection.php(310): mysqli->query('
 UPDATE tbl_sample 
 SET first_name = Michael, 
 last_name = Dyer, 
 gender = 1 
 WHERE id = 28
 ', 0)
 2 SYSTEMPATH\Database\BaseConnection.php(732): CodeIgniter\Database\MySQLi\Connection->execute('
 UPDATE tbl_sample 
 SET first_name = Michael, 
 last_name = Dyer, 
 gender = 1 
 WHERE id = 28
 ')
 3 APPPATH\Controllers\Home.php(105): CodeIgniter\Database\BaseConnection->simpleQuery('
 UPDATE tbl_sample 
 SET first_name = Michael, 
 last_name = Dyer, 
 gender = 1 
 WHERE id = 28
 ')
 4 SYSTEMPATH\CodeIgniter.php(933): App\Controllers\Home->action()
 5 SYSTEMPATH\CodeIgniter.php(509): CodeIgniter\CodeIgniter->runController(Object(App\Controllers\Home))
 6 SYSTEMPATH\CodeIgniter.php(355): CodeIgniter\CodeIgniter->handleRequest(null, Object(Config\Cache), false)
 7 SYSTEMPATH\Boot.php(325): CodeIgniter\CodeIgniter->run()
 8 SYSTEMPATH\Boot.php(67): CodeIgniter\Boot::runCodeIgniter(Object(CodeIgniter\CodeIgniter))
 9 FCPATH\index.php(56): CodeIgniter\Boot::bootWeb(Object(Config\Paths))
10 SYSTEMPATH\Commands\Server\rewrite.php(49): require_once('C:\\xampp\\htdocs\\tailwebs\\public\\index.php')
ERROR - 2024-07-29 19:25:18 --> mysqli_sql_exception: Unknown column 'Michael' in 'field list' in C:\xampp\htdocs\tailwebs\system\Database\MySQLi\Connection.php:310
Stack trace:
#0 C:\xampp\htdocs\tailwebs\system\Database\MySQLi\Connection.php(310): mysqli->query('\n UPDATE tbl_sa...', 0)
#1 C:\xampp\htdocs\tailwebs\system\Database\BaseConnection.php(732): CodeIgniter\Database\MySQLi\Connection->execute('\n UPDATE tbl_sa...')
#2 C:\xampp\htdocs\tailwebs\app\Controllers\Home.php(105): CodeIgniter\Database\BaseConnection->simpleQuery('\n UPDATE tbl_sa...')
#3 C:\xampp\htdocs\tailwebs\system\CodeIgniter.php(933): App\Controllers\Home->action()
#4 C:\xampp\htdocs\tailwebs\system\CodeIgniter.php(509): CodeIgniter\CodeIgniter->runController(Object(App\Controllers\Home))
#5 C:\xampp\htdocs\tailwebs\system\CodeIgniter.php(355): CodeIgniter\CodeIgniter->handleRequest(NULL, Object(Config\Cache), false)
#6 C:\xampp\htdocs\tailwebs\system\Boot.php(325): CodeIgniter\CodeIgniter->run()
#7 C:\xampp\htdocs\tailwebs\system\Boot.php(67): CodeIgniter\Boot::runCodeIgniter(Object(CodeIgniter\CodeIgniter))
#8 C:\xampp\htdocs\tailwebs\public\index.php(56): CodeIgniter\Boot::bootWeb(Object(Config\Paths))
#9 C:\xampp\htdocs\tailwebs\system\Commands\Server\rewrite.php(49): require_once('C:\\xampp\\htdocs...')
#10 {main}
CRITICAL - 2024-07-29 19:25:18 --> CodeIgniter\Database\Exceptions\DatabaseException: Unknown column 'Michael' in 'field list'
[Method: POST, Route: action]
in SYSTEMPATH\Database\MySQLi\Connection.php on line 315.
 1 SYSTEMPATH\Database\BaseConnection.php(732): CodeIgniter\Database\MySQLi\Connection->execute('
 UPDATE tbl_sample 
 SET first_name = Michael, 
 last_name = Dyer, 
 gender = 1 
 WHERE id = 28
 ')
 2 APPPATH\Controllers\Home.php(105): CodeIgniter\Database\BaseConnection->simpleQuery('
 UPDATE tbl_sample 
 SET first_name = Michael, 
 last_name = Dyer, 
 gender = 1 
 WHERE id = 28
 ')
 3 SYSTEMPATH\CodeIgniter.php(933): App\Controllers\Home->action()
 4 SYSTEMPATH\CodeIgniter.php(509): CodeIgniter\CodeIgniter->runController(Object(App\Controllers\Home))
 5 SYSTEMPATH\CodeIgniter.php(355): CodeIgniter\CodeIgniter->handleRequest(null, Object(Config\Cache), false)
 6 SYSTEMPATH\Boot.php(325): CodeIgniter\CodeIgniter->run()
 7 SYSTEMPATH\Boot.php(67): CodeIgniter\Boot::runCodeIgniter(Object(CodeIgniter\CodeIgniter))
 8 FCPATH\index.php(56): CodeIgniter\Boot::bootWeb(Object(Config\Paths))
 9 SYSTEMPATH\Commands\Server\rewrite.php(49): require_once('C:\\xampp\\htdocs\\tailwebs\\public\\index.php')
CRITICAL - 2024-07-29 19:25:18 --> [Caused by] mysqli_sql_exception: Unknown column 'Michael' in 'field list'
in SYSTEMPATH\Database\MySQLi\Connection.php on line 310.
 1 SYSTEMPATH\Database\MySQLi\Connection.php(310): mysqli->query('
 UPDATE tbl_sample 
 SET first_name = Michael, 
 last_name = Dyer, 
 gender = 1 
 WHERE id = 28
 ', 0)
 2 SYSTEMPATH\Database\BaseConnection.php(732): CodeIgniter\Database\MySQLi\Connection->execute('
 UPDATE tbl_sample 
 SET first_name = Michael, 
 last_name = Dyer, 
 gender = 1 
 WHERE id = 28
 ')
 3 APPPATH\Controllers\Home.php(105): CodeIgniter\Database\BaseConnection->simpleQuery('
 UPDATE tbl_sample 
 SET first_name = Michael, 
 last_name = Dyer, 
 gender = 1 
 WHERE id = 28
 ')
 4 SYSTEMPATH\CodeIgniter.php(933): App\Controllers\Home->action()
 5 SYSTEMPATH\CodeIgniter.php(509): CodeIgniter\CodeIgniter->runController(Object(App\Controllers\Home))
 6 SYSTEMPATH\CodeIgniter.php(355): CodeIgniter\CodeIgniter->handleRequest(null, Object(Config\Cache), false)
 7 SYSTEMPATH\Boot.php(325): CodeIgniter\CodeIgniter->run()
 8 SYSTEMPATH\Boot.php(67): CodeIgniter\Boot::runCodeIgniter(Object(CodeIgniter\CodeIgniter))
 9 FCPATH\index.php(56): CodeIgniter\Boot::bootWeb(Object(Config\Paths))
10 SYSTEMPATH\Commands\Server\rewrite.php(49): require_once('C:\\xampp\\htdocs\\tailwebs\\public\\index.php')
ERROR - 2024-07-29 19:25:23 --> mysqli_sql_exception: Unknown column 'Stephen' in 'field list' in C:\xampp\htdocs\tailwebs\system\Database\MySQLi\Connection.php:310
Stack trace:
#0 C:\xampp\htdocs\tailwebs\system\Database\MySQLi\Connection.php(310): mysqli->query('\n UPDATE tbl_sa...', 0)
#1 C:\xampp\htdocs\tailwebs\system\Database\BaseConnection.php(732): CodeIgniter\Database\MySQLi\Connection->execute('\n UPDATE tbl_sa...')
#2 C:\xampp\htdocs\tailwebs\app\Controllers\Home.php(105): CodeIgniter\Database\BaseConnection->simpleQuery('\n UPDATE tbl_sa...')
#3 C:\xampp\htdocs\tailwebs\system\CodeIgniter.php(933): App\Controllers\Home->action()
#4 C:\xampp\htdocs\tailwebs\system\CodeIgniter.php(509): CodeIgniter\CodeIgniter->runController(Object(App\Controllers\Home))
#5 C:\xampp\htdocs\tailwebs\system\CodeIgniter.php(355): CodeIgniter\CodeIgniter->handleRequest(NULL, Object(Config\Cache), false)
#6 C:\xampp\htdocs\tailwebs\system\Boot.php(325): CodeIgniter\CodeIgniter->run()
#7 C:\xampp\htdocs\tailwebs\system\Boot.php(67): CodeIgniter\Boot::runCodeIgniter(Object(CodeIgniter\CodeIgniter))
#8 C:\xampp\htdocs\tailwebs\public\index.php(56): CodeIgniter\Boot::bootWeb(Object(Config\Paths))
#9 C:\xampp\htdocs\tailwebs\system\Commands\Server\rewrite.php(49): require_once('C:\\xampp\\htdocs...')
#10 {main}
CRITICAL - 2024-07-29 19:25:23 --> CodeIgniter\Database\Exceptions\DatabaseException: Unknown column 'Stephen' in 'field list'
[Method: POST, Route: action]
in SYSTEMPATH\Database\MySQLi\Connection.php on line 315.
 1 SYSTEMPATH\Database\BaseConnection.php(732): CodeIgniter\Database\MySQLi\Connection->execute('
 UPDATE tbl_sample 
 SET first_name = Stephen, 
 last_name = Mohamed, 
 gender = 1 
 WHERE id = 26
 ')
 2 APPPATH\Controllers\Home.php(105): CodeIgniter\Database\BaseConnection->simpleQuery('
 UPDATE tbl_sample 
 SET first_name = Stephen, 
 last_name = Mohamed, 
 gender = 1 
 WHERE id = 26
 ')
 3 SYSTEMPATH\CodeIgniter.php(933): App\Controllers\Home->action()
 4 SYSTEMPATH\CodeIgniter.php(509): CodeIgniter\CodeIgniter->runController(Object(App\Controllers\Home))
 5 SYSTEMPATH\CodeIgniter.php(355): CodeIgniter\CodeIgniter->handleRequest(null, Object(Config\Cache), false)
 6 SYSTEMPATH\Boot.php(325): CodeIgniter\CodeIgniter->run()
 7 SYSTEMPATH\Boot.php(67): CodeIgniter\Boot::runCodeIgniter(Object(CodeIgniter\CodeIgniter))
 8 FCPATH\index.php(56): CodeIgniter\Boot::bootWeb(Object(Config\Paths))
 9 SYSTEMPATH\Commands\Server\rewrite.php(49): require_once('C:\\xampp\\htdocs\\tailwebs\\public\\index.php')
CRITICAL - 2024-07-29 19:25:23 --> [Caused by] mysqli_sql_exception: Unknown column 'Stephen' in 'field list'
in SYSTEMPATH\Database\MySQLi\Connection.php on line 310.
 1 SYSTEMPATH\Database\MySQLi\Connection.php(310): mysqli->query('
 UPDATE tbl_sample 
 SET first_name = Stephen, 
 last_name = Mohamed, 
 gender = 1 
 WHERE id = 26
 ', 0)
 2 SYSTEMPATH\Database\BaseConnection.php(732): CodeIgniter\Database\MySQLi\Connection->execute('
 UPDATE tbl_sample 
 SET first_name = Stephen, 
 last_name = Mohamed, 
 gender = 1 
 WHERE id = 26
 ')
 3 APPPATH\Controllers\Home.php(105): CodeIgniter\Database\BaseConnection->simpleQuery('
 UPDATE tbl_sample 
 SET first_name = Stephen, 
 last_name = Mohamed, 
 gender = 1 
 WHERE id = 26
 ')
 4 SYSTEMPATH\CodeIgniter.php(933): App\Controllers\Home->action()
 5 SYSTEMPATH\CodeIgniter.php(509): CodeIgniter\CodeIgniter->runController(Object(App\Controllers\Home))
 6 SYSTEMPATH\CodeIgniter.php(355): CodeIgniter\CodeIgniter->handleRequest(null, Object(Config\Cache), false)
 7 SYSTEMPATH\Boot.php(325): CodeIgniter\CodeIgniter->run()
 8 SYSTEMPATH\Boot.php(67): CodeIgniter\Boot::runCodeIgniter(Object(CodeIgniter\CodeIgniter))
 9 FCPATH\index.php(56): CodeIgniter\Boot::bootWeb(Object(Config\Paths))
10 SYSTEMPATH\Commands\Server\rewrite.php(49): require_once('C:\\xampp\\htdocs\\tailwebs\\public\\index.php')
